<?xml version="1.0" encoding="UTF-8"?>
<!-- Generated by org.testng.reporters.JUnitXMLReporter -->
<testsuite ignored="0" hostname="RAJU" failures="0" tests="2" name="Test-2" time="46.644" errors="0" timestamp="2024-09-19T10:57:03 IST">
  <testcase classname="com.crm.comcast.producttest.CreateNewProductTest" name="createProductTest" time="13.782"/>
  <testcase classname="com.crm.comcast.producttest.CreateNewProductTest" name="createProductTests" time="16.045"/>
</testsuite> <!-- Test-2 -->
