<?xml version="1.0" encoding="UTF-8"?>
<!-- Generated by org.testng.reporters.JUnitXMLReporter -->
<testsuite ignored="0" hostname="RAJU" failures="0" tests="2" name="Test-1" time="41.973" errors="0" timestamp="2024-09-19T10:56:58 IST">
  <testcase classname="com.comcast.crm.campaigns.CreateCampaign" name="createCapaign" time="7.328"/>
  <testcase classname="com.comcast.crm.campaigns.CreateCampaign" name="createCapaigns" time="16.058"/>
</testsuite> <!-- Test-1 -->
