<?xml version="1.0" encoding="UTF-8"?>
<!-- Generated by org.testng.reporters.JUnitXMLReporter -->
<testsuite ignored="0" hostname="RAJU" failures="0" tests="2" name="Test-3" time="46.598" errors="0" timestamp="2024-09-19T10:57:03 IST">
  <testcase classname="com.crm.comcast.producttest.CreateNewProductTest" name="createProductTest" time="12.632"/>
  <testcase classname="com.crm.comcast.producttest.CreateNewProductTest" name="createProductTests" time="15.647"/>
</testsuite> <!-- Test-3 -->
