<?xml version="1.0" encoding="UTF-8"?>
<!-- Generated by org.testng.reporters.JUnitReportReporter -->
<testsuite hostname="RAJU" failures="0" tests="1" name="com.comcast.crm.contacttest.CreateContactWithMadatoryFields" time="124.959" errors="0" timestamp="2024-09-26T12:54:45 IST" skipped="0">
  <testcase classname="com.comcast.crm.contacttest.CreateContactWithMadatoryFields" name="createOrganizationWithMandatory" time="124.959"/>
</testsuite> <!-- com.comcast.crm.contacttest.CreateContactWithMadatoryFields -->
