<?xml version="1.0" encoding="UTF-8"?>
<!-- Generated by org.testng.reporters.JUnitReportReporter -->
<testsuite hostname="RAJU" failures="0" tests="3" name="com.comcast.crm.orgtest.CreateOrganizationTest" time="31.809" errors="0" timestamp="2024-09-18T10:24:26 IST" skipped="0">
  <testcase classname="com.comcast.crm.orgtest.CreateOrganizationTest" name="createOrganizationIndustry" time="10.543"/>
  <testcase classname="com.comcast.crm.orgtest.CreateOrganizationTest" name="createOrganization" time="10.269"/>
  <testcase classname="com.comcast.crm.orgtest.CreateOrganizationTest" name="createOrganizationVerifyPhoneNo" time="10.997"/>
</testsuite> <!-- com.comcast.crm.orgtest.CreateOrganizationTest -->
