<?xml version="1.0" encoding="UTF-8"?>
<!-- Generated by org.testng.reporters.JUnitReportReporter -->
<testsuite hostname="RAJU" failures="0" tests="1" name="com.comcast.crm.contacttest.CreateContactWithSupportDate" time="18.122" errors="0" timestamp="2024-09-16T12:18:11 IST" skipped="0">
  <testcase classname="com.comcast.crm.contacttest.CreateContactWithSupportDate" name="createOrganization" time="18.122"/>
</testsuite> <!-- com.comcast.crm.contacttest.CreateContactWithSupportDate -->
