<?xml version="1.0" encoding="UTF-8"?>
<!-- Generated by org.testng.reporters.JUnitReportReporter -->
<testsuite hostname="RAJU" failures="0" tests="3" name="practice.test.GetProductInfoTest" time="18.226" errors="0" timestamp="2024-09-13T12:12:18 IST" skipped="0">
  <testcase classname="practice.test.GetProductInfoTest" name="getProductInfoTest" time="5.959"/>
  <testcase classname="practice.test.GetProductInfoTest" name="getProductInfoTest" time="5.702"/>
  <testcase classname="practice.test.GetProductInfoTest" name="getProductInfoTest" time="6.565"/>
</testsuite> <!-- practice.test.GetProductInfoTest -->
