<?xml version="1.0" encoding="UTF-8"?>
<!-- Generated by org.testng.reporters.JUnitReportReporter -->
<testsuite hostname="RAJU" failures="0" tests="2" name="com.practice1.HomePageTest" time="0.012" errors="0" timestamp="2024-09-20T09:18:16 IST" skipped="0">
  <testcase classname="com.practice1.HomePageTest" name="homePageTest" time="0.011">
    <system-out>
      <![CDATA[homePageTestTest Start
step-1
step-2
step-3
step-4
homePageTestTest End]]>
    </system-out>
  </testcase> <!-- homePageTest -->
  <testcase classname="com.practice1.HomePageTest" name="verifyLogoOfHomePageTest" time="0.001">
    <system-out>
      <![CDATA[verifyLogoOfHomePageTestTest Start
step-1
step-2
step-3
step-4
verifyLogoOfHomePageTestTest End]]>
    </system-out>
  </testcase> <!-- verifyLogoOfHomePageTest -->
  <system-out>
    <![CDATA[homePageTestTest Start
step-1
step-2
step-3
step-4
homePageTestTest End
verifyLogoOfHomePageTestTest Start
step-1
step-2
step-3
step-4
verifyLogoOfHomePageTestTest End]]>
  </system-out>
</testsuite> <!-- com.practice1.HomePageTest -->
