<?xml version="1.0" encoding="UTF-8"?>
<!-- Generated by org.testng.reporters.JUnitReportReporter -->
<testsuite hostname="RAJU" failures="0" tests="1" name="com.comcast.crm.createsaleorder.CreatenewSalesOrders" time="109.048" errors="0" timestamp="2024-09-19T11:05:46 IST" skipped="0">
  <testcase classname="com.comcast.crm.createsaleorder.CreatenewSalesOrders" name="createSalesOder" time="109.048"/>
</testsuite> <!-- com.comcast.crm.createsaleorder.CreatenewSalesOrders -->
