<?xml version="1.0" encoding="UTF-8"?>
<!-- Generated by org.testng.reporters.JUnitReportReporter -->
<testsuite hostname="RAJU" failures="0" tests="1" name="com.comcast.crm.assetstest.CreateAssetsTest" time="26.397" errors="0" timestamp="2024-09-17T18:13:38 IST" skipped="0">
  <testcase classname="com.comcast.crm.assetstest.CreateAssetsTest" name="createAssetTest" time="26.397"/>
</testsuite> <!-- com.comcast.crm.assetstest.CreateAssetsTest -->
