<?xml version="1.0" encoding="UTF-8"?>
<!-- Generated by org.testng.reporters.JUnitReportReporter -->
<testsuite hostname="RAJU" failures="0" tests="3" name="com.practice1.SampleReportTest" time="5.545" errors="0" timestamp="2024-09-24T13:00:39 IST" skipped="0">
  <testcase classname="com.practice1.SampleReportTest" name="createContactTest" time="5.524"/>
  <testcase classname="com.practice1.SampleReportTest" name="createContacTest" time="0.015"/>
  <testcase classname="com.practice1.SampleReportTest" name="createContactWithOrgTest" time="0.006"/>
</testsuite> <!-- com.practice1.SampleReportTest -->
