<?xml version="1.0" encoding="UTF-8"?>
<!-- Generated by org.testng.reporters.JUnitReportReporter -->
<testsuite hostname="RAJU" failures="0" tests="3" name="com.practice2.CreateContactTest" time="8.384" errors="0" timestamp="2024-09-27T11:35:40 IST" skipped="0">
  <testcase classname="com.practice2.CreateContactTest" name="createContactTest" time="3.018"/>
  <testcase classname="com.practice2.CreateContactTest" name="createContactTest" time="2.215"/>
  <testcase classname="com.practice2.CreateContactTest" name="createContactTest" time="3.151"/>
</testsuite> <!-- com.practice2.CreateContactTest -->
