<?xml version="1.0" encoding="UTF-8"?>
<!-- Generated by org.testng.reporters.JUnitReportReporter -->
<testsuite hostname="RAJU" failures="0" tests="2" name="com.crm.comcast.generic.baseutility.Base1" time="0.012" errors="0" timestamp="2024-09-14T10:50:40 IST" skipped="0">
  <testcase classname="com.crm.comcast.generic.baseutility.Base1" name="createContactTest1" time="0.006"/>
  <testcase classname="com.crm.comcast.generic.baseutility.Base1" name="createContactTest" time="0.006"/>
</testsuite> <!-- com.crm.comcast.generic.baseutility.Base1 -->
