<?xml version="1.0" encoding="UTF-8"?>
<!-- Generated by org.testng.reporters.JUnitReportReporter -->
<testsuite hostname="RAJU" failures="0" tests="1" name="com.comcast.crm.contacttest.CreateContactWithOrgTest" time="18.709" errors="0" timestamp="2024-09-16T12:42:57 IST" skipped="0">
  <testcase classname="com.comcast.crm.contacttest.CreateContactWithOrgTest" name="createOrganizationVerifyPhoneNo" time="18.709"/>
</testsuite> <!-- com.comcast.crm.contacttest.CreateContactWithOrgTest -->
