<?xml version="1.0" encoding="UTF-8"?>
<!-- Generated by org.testng.reporters.JUnitReportReporter -->
<testsuite hostname="RAJU" failures="0" tests="1" name="com.comcast.crm.orgtest.CreateOrganizationVerifyPhoneNo" time="11.112" errors="0" timestamp="2024-09-16T12:53:24 IST" skipped="0">
  <testcase classname="com.comcast.crm.orgtest.CreateOrganizationVerifyPhoneNo" name="createOrganizationVerifyPhoneNo" time="11.112"/>
</testsuite> <!-- com.comcast.crm.orgtest.CreateOrganizationVerifyPhoneNo -->
