<?xml version="1.0" encoding="UTF-8"?>
<!-- Generated by org.testng.reporters.JUnitReportReporter -->
<testsuite hostname="RAJU" failures="0" tests="2" name="com.practice1.CreateContactTest" time="0.016" errors="0" timestamp="2024-09-14T10:00:15 IST" skipped="0">
  <testcase classname="com.practice1.CreateContactTest" name="createTest" time="0.003"/>
  <testcase classname="com.practice1.CreateContactTest" name="createContactTest" time="0.013"/>
</testsuite> <!-- com.practice1.CreateContactTest -->
