<?xml version="1.0" encoding="UTF-8"?>
<!-- Generated by org.testng.reporters.JUnitReportReporter -->
<testsuite hostname="RAJU" failures="0" tests="1" name="com.practice1.SampleTestForScreenShot" time="6.324" errors="0" timestamp="2024-09-20T10:03:58 IST" skipped="0">
  <testcase classname="com.practice1.SampleTestForScreenShot" name="amazonTest" time="6.324"/>
</testsuite> <!-- com.practice1.SampleTestForScreenShot -->
