<?xml version="1.0" encoding="UTF-8"?>
<!-- Generated by org.testng.reporters.JUnitReportReporter -->
<testsuite hostname="RAJU" failures="0" tests="1" name="com.crm.comcast.orgtest.CreateOrgTest" time="0.003" errors="0" timestamp="2024-09-16T14:36:10 IST" skipped="0">
  <testcase classname="com.crm.comcast.orgtest.CreateOrgTest" name="createContactTest" time="0.003"/>
</testsuite> <!-- com.crm.comcast.orgtest.CreateOrgTest -->
