<?xml version="1.0" encoding="UTF-8"?>
<!-- Generated by org.testng.reporters.JUnitReportReporter -->
<testsuite hostname="RAJU" failures="0" tests="1" name="com.comcast.crm.vendertest.CreateVender" time="21.610" errors="0" timestamp="2024-09-18T17:41:24 IST" skipped="0">
  <testcase classname="com.comcast.crm.vendertest.CreateVender" name="createVender" time="21.610"/>
</testsuite> <!-- com.comcast.crm.vendertest.CreateVender -->
