<?xml version="1.0" encoding="UTF-8"?>
<!-- Generated by org.testng.reporters.JUnitReportReporter -->
<testsuite hostname="RAJU" failures="0" tests="1" name="com.comcast.crm.orgtest.CreateOrganizationWithIndustryDropDown" time="12.621" errors="0" timestamp="2024-09-16T13:27:30 IST" skipped="0">
  <testcase classname="com.comcast.crm.orgtest.CreateOrganizationWithIndustryDropDown" name="createOrganizationIndustry" time="12.621"/>
</testsuite> <!-- com.comcast.crm.orgtest.CreateOrganizationWithIndustryDropDown -->
