<?xml version="1.0" encoding="UTF-8"?>
<!-- Generated by org.testng.reporters.JUnitReportReporter -->
<testsuite hostname="RAJU" failures="0" tests="1" name="com.crm.comcast.generic.baseutility.BaseClass" time="0.013" errors="0" timestamp="2024-09-14T10:50:40 IST" skipped="0">
  <testcase classname="com.crm.comcast.generic.baseutility.BaseClass" name="createContactTest" time="0.013"/>
</testsuite> <!-- com.crm.comcast.generic.baseutility.BaseClass -->
