<?xml version="1.0" encoding="UTF-8"?>
<!-- Generated by org.testng.reporters.JUnitReportReporter -->
<testsuite hostname="RAJU" failures="0" tests="1" name="com.crm.comcast.orgtest.CreateOrgTest1" time="0.006" errors="0" timestamp="2024-09-16T14:56:56 IST" skipped="0">
  <testcase classname="com.crm.comcast.orgtest.CreateOrgTest1" name="createContactTest" time="0.006"/>
</testsuite> <!-- com.crm.comcast.orgtest.CreateOrgTest1 -->
